d:\tpv\practica 2\tpv2\practica1\holasdl\debug\vc141.pdb
d:\tpv\practica 2\tpv2\practica1\holasdl\debug\vc141.idb
d:\tpv\practica 2\tpv2\practica1\holasdl\debug\main.obj
d:\tpv\practica 2\tpv2\practica1\holasdl\debug\wall.obj
d:\tpv\practica 2\tpv2\practica1\holasdl\debug\vector2d.obj
d:\tpv\practica 2\tpv2\practica1\holasdl\debug\texture.obj
d:\tpv\practica 2\tpv2\practica1\holasdl\debug\reward.obj
d:\tpv\practica 2\tpv2\practica1\holasdl\debug\paddle.obj
d:\tpv\practica 2\tpv2\practica1\holasdl\debug\game.obj
d:\tpv\practica 2\tpv2\practica1\holasdl\debug\blocksmap.obj
d:\tpv\practica 2\tpv2\practica1\holasdl\debug\block.obj
d:\tpv\practica 2\tpv2\practica1\holasdl\debug\ball.obj
d:\tpv\practica 3\practica3+\holasdl\debug\vc141.pdb
d:\tpv\practica 3\practica3+\holasdl\debug\vc141.idb
d:\tpv\practica 3\practica3+\holasdl\debug\wall.obj
d:\tpv\practica 3\practica3+\holasdl\debug\vector2d.obj
d:\tpv\practica 3\practica3+\holasdl\debug\texture.obj
d:\tpv\practica 3\practica3+\holasdl\debug\reward.obj
d:\tpv\practica 3\practica3+\holasdl\debug\playstate.obj
d:\tpv\practica 3\practica3+\holasdl\debug\pausestate.obj
d:\tpv\practica 3\practica3+\holasdl\debug\paddle.obj
d:\tpv\practica 3\practica3+\holasdl\debug\menubutton.obj
d:\tpv\practica 3\practica3+\holasdl\debug\main.obj
d:\tpv\practica 3\practica3+\holasdl\debug\gamestate.obj
d:\tpv\practica 3\practica3+\holasdl\debug\game.obj
d:\tpv\practica 3\practica3+\holasdl\debug\endstate.obj
d:\tpv\practica 3\practica3+\holasdl\debug\blocksmap.obj
d:\tpv\practica 3\practica3+\holasdl\debug\block.obj
d:\tpv\practica 3\practica3+\holasdl\debug\ball.obj
d:\tpv\practica 3\practica3+\holasdl\debug\mainmenustate.obj
c:\users\robix\archivos admin\universidad\4ºa\tpv2\practica3+\holasdl\debug\vc141.pdb
c:\users\robix\archivos admin\universidad\4ºa\tpv2\practica3+\holasdl\debug\vc141.idb
c:\users\robix\archivos admin\universidad\4ºa\tpv2\practica3+\holasdl\debug\wall.obj
c:\users\robix\archivos admin\universidad\4ºa\tpv2\practica3+\holasdl\debug\vector2d.obj
c:\users\robix\archivos admin\universidad\4ºa\tpv2\practica3+\holasdl\debug\texture.obj
c:\users\robix\archivos admin\universidad\4ºa\tpv2\practica3+\holasdl\debug\reward.obj
c:\users\robix\archivos admin\universidad\4ºa\tpv2\practica3+\holasdl\debug\playstate.obj
c:\users\robix\archivos admin\universidad\4ºa\tpv2\practica3+\holasdl\debug\pausestate.obj
c:\users\robix\archivos admin\universidad\4ºa\tpv2\practica3+\holasdl\debug\paddle.obj
c:\users\robix\archivos admin\universidad\4ºa\tpv2\practica3+\holasdl\debug\menubutton.obj
c:\users\robix\archivos admin\universidad\4ºa\tpv2\practica3+\holasdl\debug\mainmenustate.obj
c:\users\robix\archivos admin\universidad\4ºa\tpv2\practica3+\holasdl\debug\main.obj
c:\users\robix\archivos admin\universidad\4ºa\tpv2\practica3+\holasdl\debug\gamestate.obj
c:\users\robix\archivos admin\universidad\4ºa\tpv2\practica3+\holasdl\debug\game.obj
c:\users\robix\archivos admin\universidad\4ºa\tpv2\practica3+\holasdl\debug\endstate.obj
c:\users\robix\archivos admin\universidad\4ºa\tpv2\practica3+\holasdl\debug\blocksmap.obj
c:\users\robix\archivos admin\universidad\4ºa\tpv2\practica3+\holasdl\debug\block.obj
c:\users\robix\archivos admin\universidad\4ºa\tpv2\practica3+\holasdl\debug\ball.obj
c:\users\robix\archivos admin\universidad\4ºa\tpv2\practica3+\holasdl\debug\gamestatemachine.obj
d:\tpv\practica 2\tpv2\practica1\bin\holasdldebug.exe
d:\tpv\practica 2\tpv2\practica1\bin\holasdldebug.ilk
d:\tpv\practica 2\tpv2\practica1\bin\holasdldebug.pdb
c:\users\robix\archivos admin\universidad\4ºa\tpv2\practica3+\bin\holasdldebug.ilk
c:\users\robix\archivos admin\universidad\4ºa\tpv2\practica3+\bin\holasdldebug.exe
c:\users\robix\archivos admin\universidad\4ºa\tpv2\practica3+\bin\holasdldebug.pdb
c:\users\robix\archivos admin\universidad\4ºa\tpv2\practica3+\holasdl\debug\block.obj.enc
c:\users\robix\archivos admin\universidad\4ºa\tpv2\practica3+\holasdl\debug\game.obj.enc
c:\users\robix\archivos admin\universidad\4ºa\tpv2\practica3+\holasdl\debug\holasdl.tlog\cl.command.1.tlog
c:\users\robix\archivos admin\universidad\4ºa\tpv2\practica3+\holasdl\debug\holasdl.tlog\cl.read.1.tlog
c:\users\robix\archivos admin\universidad\4ºa\tpv2\practica3+\holasdl\debug\holasdl.tlog\cl.write.1.tlog
c:\users\robix\archivos admin\universidad\4ºa\tpv2\practica3+\holasdl\debug\holasdl.tlog\link.command.1.tlog
c:\users\robix\archivos admin\universidad\4ºa\tpv2\practica3+\holasdl\debug\holasdl.tlog\link.read.1.tlog
c:\users\robix\archivos admin\universidad\4ºa\tpv2\practica3+\holasdl\debug\holasdl.tlog\link.write.1.tlog
